This is pdfTeX, Version 3.1415926-2.3-1.40.12 (MiKTeX 2.9 64-bit) (preloaded format=pdflatex 2011.9.2)  1 JAN 2013 21:46
entering extended mode
**C:/Users/Philipp/Documents/GitHub/cv/cv.tex
(C:/Users/Philipp/Documents/GitHub/cv/cv.tex
LaTeX2e <2011/06/27>
Babel <v3.8m> and hyphenation patterns for english, afrikaans, ancientgreek, ar
abic, armenian, assamese, basque, bengali, bokmal, bulgarian, catalan, coptic, 
croatian, czech, danish, dutch, esperanto, estonian, farsi, finnish, french, ga
lician, german, german-x-2009-06-19, greek, gujarati, hindi, hungarian, iceland
ic, indonesian, interlingua, irish, italian, kannada, kurmanji, lao, latin, lat
vian, lithuanian, malayalam, marathi, mongolian, mongolianlmc, monogreek, ngerm
an, ngerman-x-2009-06-19, nynorsk, oriya, panjabi, pinyin, polish, portuguese, 
romanian, russian, sanskrit, serbian, slovak, slovenian, spanish, swedish, swis
sgerman, tamil, telugu, turkish, turkmen, ukenglish, ukrainian, uppersorbian, u
senglishmax, welsh, loaded.
("C:\Program Files\MiKTeX 2.9\tex\latex\base\article.cls"
Document Class: article 2007/10/19 v1.4h Standard LaTeX document class
("C:\Program Files\MiKTeX 2.9\tex\latex\base\size10.clo"
File: size10.clo 2007/10/19 v1.4h Standard LaTeX file (size option)
)
\c@part=\count79
\c@section=\count80
\c@subsection=\count81
\c@subsubsection=\count82
\c@paragraph=\count83
\c@subparagraph=\count84
\c@figure=\count85
\c@table=\count86
\abovecaptionskip=\skip41
\belowcaptionskip=\skip42
\bibindent=\dimen102
)
("C:\Program Files\MiKTeX 2.9\tex\latex\marvosym\marvosym.sty"
Package: marvosym 2011/07/20 v2.2 Martin Vogel's Symbols font definitions
)
("C:\Program Files\MiKTeX 2.9\tex\latex\fontspec\fontspec.sty"
Package: fontspec 2011/02/26 v2.1f Advanced font selection for XeLaTeX/LuaLaTeX


("C:\Program Files\MiKTeX 2.9\tex\latex\l3kernel\expl3.sty"
("C:\Program Files\MiKTeX 2.9\tex\latex\l3kernel\l3names.sty"
("C:\Program Files\MiKTeX 2.9\tex\latex\l3kernel\l3bootstrap.sty"
Package: l3bootstrap 2011/08/13 v2558 L3 Experimental bootstrap code
)
Package: l3names 2011/08/10 v2538 L3 Experimental namespace for primitives
)
("C:\Program Files\MiKTeX 2.9\tex\latex\misc\etex.sty"
Package: etex 1998/03/26 v2.0 eTeX basic definition package (PEB)
\et@xins=\count87
)
("C:\Program Files\MiKTeX 2.9\tex\latex\tools\calc.sty"
Package: calc 2007/08/22 v4.3 Infix arithmetic (KKT,FJ)
\calc@Acount=\count88
\calc@Bcount=\count89
\calc@Adimen=\dimen103
\calc@Bdimen=\dimen104
\calc@Askip=\skip43
\calc@Bskip=\skip44
LaTeX Info: Redefining \setlength on input line 76.
LaTeX Info: Redefining \addtolength on input line 77.
\calc@Ccount=\count90
\calc@Cskip=\skip45
)
Package: expl3 2011/08/17 v2607 L3 Experimental code bundle wrapper

("C:\Program Files\MiKTeX 2.9\tex\latex\l3kernel\l3basics.sty"
Package: l3basics 2011/07/04 v2493 L3 Experimental basic definitions
)
("C:\Program Files\MiKTeX 2.9\tex\latex\l3kernel\l3expan.sty"
Package: l3expan 2011/08/11 v2545 L3 Experimental argument expansion
)
("C:\Program Files\MiKTeX 2.9\tex\latex\l3kernel\l3tl.sty"
Package: l3tl 2011/08/13 v2566 L3 Experimental token lists
)
("C:\Program Files\MiKTeX 2.9\tex\latex\l3kernel\l3seq.sty"
Package: l3seq 2011/08/15 v2586 L3 Experimental sequences and stacks
)
("C:\Program Files\MiKTeX 2.9\tex\latex\l3kernel\l3int.sty"
Package: l3int 2011/08/16 v2600 L3 Experimental integers
\c_max_int=\count91
\l_tmpa_int=\count92
\l_tmpb_int=\count93
\l_tmpc_int=\count94
\g_tmpa_int=\count95
\g_tmpb_int=\count96
\g_seq_nesting_depth_int=\count97
\g_tl_inline_level_int=\count98
)
("C:\Program Files\MiKTeX 2.9\tex\latex\l3kernel\l3quark.sty"
Package: l3quark 2011/08/11 v2549 L3 Experimental quarks
)
("C:\Program Files\MiKTeX 2.9\tex\latex\l3kernel\l3prg.sty"
Package: l3prg 2011/08/16 v2601 L3 Experimental control structures
\g_prg_stepwise_level_int=\count99
)
("C:\Program Files\MiKTeX 2.9\tex\latex\l3kernel\l3clist.sty"
Package: l3clist 2011/07/09 v2498 L3 Experimental comma separated lists
\g_clist_map_inline_int=\count100
)
("C:\Program Files\MiKTeX 2.9\tex\latex\l3kernel\l3token.sty"
Package: l3token 2011/08/14 v2579 L3 Experimental token manipulation
)
("C:\Program Files\MiKTeX 2.9\tex\latex\l3kernel\l3prop.sty"
Package: l3prop 2011/06/19 v2478 L3 Experimental property lists
\g_prop_map_inline_int=\count101
)
("C:\Program Files\MiKTeX 2.9\tex\latex\l3kernel\l3msg.sty"
Package: l3msg 2011/08/16 v2601 L3 Experimental messages
)
("C:\Program Files\MiKTeX 2.9\tex\latex\l3kernel\l3io.sty"
Package: l3io 2011/08/16 v2595 L3 Experimental input-output operations
\l_iow_stream_int=\count102
\l_iow_line_length_int=\count103
\l_iow_target_length_int=\count104
\l_iow_current_line_int=\count105
\l_iow_current_word_int=\count106
)
("C:\Program Files\MiKTeX 2.9\tex\latex\l3kernel\l3file.sty"
Package: l3file 2011/06/19 v2478 L3 Experimental file operations
)
("C:\Program Files\MiKTeX 2.9\tex\latex\l3kernel\l3skip.sty"
Package: l3skip 2011/08/09 v2526 L3 Experimental dimensions and skips
\l_tmpa_dim=\dimen105
\l_tmpb_dim=\dimen106
\l_tmpc_dim=\dimen107
\g_tmpa_dim=\dimen108
\g_tmpb_dim=\dimen109
\l_tmpa_skip=\skip46
\l_tmpb_skip=\skip47
\l_tmpc_skip=\skip48
\g_tmpa_skip=\skip49
\g_tmpb_skip=\skip50
)
("C:\Program Files\MiKTeX 2.9\tex\latex\l3kernel\l3box.sty"
Package: l3box 2011/08/16 v2595 L3 Experimental boxes
\l_tmpb_box=\box26
)
("C:\Program Files\MiKTeX 2.9\tex\latex\l3kernel\l3keyval.sty"
Package: l3keyval 2011/08/16 v2601 L3 Experimental key-value parsing
\g_keyval_level_int=\count107
)
("C:\Program Files\MiKTeX 2.9\tex\latex\l3kernel\l3keys.sty"
Package: l3keys 2011/08/14 v2568 L3 Experimental key-value interfaces
\l_keys_choice_int=\count108
)
("C:\Program Files\MiKTeX 2.9\tex\latex\l3kernel\l3fp.sty"
Package: l3fp 2011/06/19 v2478 L3 Experimental floating-point operations
\c_one_million=\count109
\c_one_hundred_million=\count110
\c_five_hundred_million=\count111
\c_one_thousand_million=\count112
\c_fp_pi_by_four_decimal_int=\count113
\c_fp_pi_by_four_extended_int=\count114
\c_fp_pi_decimal_int=\count115
\c_fp_pi_extended_int=\count116
\c_fp_two_pi_decimal_int=\count117
\c_fp_two_pi_extended_int=\count118
\l_fp_count_int=\count119
\l_fp_div_offset_int=\count120
\l_fp_exp_integer_int=\count121
\l_fp_exp_decimal_int=\count122
\l_fp_exp_extended_int=\count123
\l_fp_exp_exponent_int=\count124
\l_fp_input_a_sign_int=\count125
\l_fp_input_a_integer_int=\count126
\l_fp_input_a_decimal_int=\count127
\l_fp_input_a_exponent_int=\count128
\l_fp_input_b_sign_int=\count129
\l_fp_input_b_integer_int=\count130
\l_fp_input_b_decimal_int=\count131
\l_fp_input_b_exponent_int=\count132
\l_fp_input_a_extended_int=\count133
\l_fp_input_b_extended_int=\count134
\l_fp_mul_a_i_int=\count135
\l_fp_mul_a_ii_int=\count136
\l_fp_mul_a_iii_int=\count137
\l_fp_mul_a_iv_int=\count138
\l_fp_mul_a_v_int=\count139
\l_fp_mul_a_vi_int=\count140
\l_fp_mul_b_i_int=\count141
\l_fp_mul_b_ii_int=\count142
\l_fp_mul_b_iii_int=\count143
\l_fp_mul_b_iv_int=\count144
\l_fp_mul_b_v_int=\count145
\l_fp_mul_b_vi_int=\count146
\l_fp_mul_output_int=\count147
\l_fp_output_sign_int=\count148
\l_fp_output_integer_int=\count149
\l_fp_output_decimal_int=\count150
\l_fp_output_exponent_int=\count151
\l_fp_output_extended_int=\count152
\l_fp_round_position_int=\count153
\l_fp_round_target_int=\count154
\l_fp_split_sign_int=\count155
\l_fp_tmp_int=\count156
\l_fp_trig_octant_int=\count157
\l_fp_trig_sign_int=\count158
\l_fp_trig_decimal_int=\count159
\l_fp_trig_extended_int=\count160
\l_fp_tmp_dim=\dimen110
\l_fp_tmp_skip=\skip51
)
("C:\Program Files\MiKTeX 2.9\tex\latex\l3kernel\l3luatex.sty"
Package: l3luatex 2011/08/11 v2545 L3 Experimental LuaTeX-specific functions
\g_cctab_allocate_int=\count161
\g_cctab_stack_int=\count162
)
("C:\Program Files\MiKTeX 2.9\tex\latex\l3kernel\l3toks.sty"
Package: l3toks 2011/08/16 v2601 L3 Experimental token registers
\l_tmpb_toks=\toks14
\l_tmpc_toks=\toks15
\g_tmpa_toks=\toks16
\g_tmpb_toks=\toks17
\g_tmpc_toks=\toks18
\c_empty_toks=\toks19
\l_tl_replace_toks=\toks20
))
("C:\Program Files\MiKTeX 2.9\tex\latex\l3packages\xparse\xparse.sty"
Package: xparse 2011/08/17 v2607 L3 Experimental document command parser
\l_xparse_m_args_int=\count163
\l_xparse